<?xml version="1.0" encoding="UTF-8"?>
<testng-results skipped="0" failed="0" total="1" passed="1">
  <reporter-output>
  </reporter-output>
  <suite name="Default suite" duration-ms="8140" started-at="2021-12-01T03:19:26Z" finished-at="2021-12-01T03:19:34Z">
    <groups>
    </groups>
    <test name="Default test" duration-ms="8140" started-at="2021-12-01T03:19:26Z" finished-at="2021-12-01T03:19:34Z">
      <class name="wait_and_mouse_hover.Textbox_Explicit_Wait">
        <test-method status="PASS" signature="login()[pri:0, instance:wait_and_mouse_hover.Textbox_Explicit_Wait@47c62251]" name="login" duration-ms="8132" started-at="2021-12-01T08:49:26Z" finished-at="2021-12-01T08:49:34Z">
          <reporter-output>
          </reporter-output>
        </test-method> <!-- login -->
      </class> <!-- wait_and_mouse_hover.Textbox_Explicit_Wait -->
    </test> <!-- Default test -->
  </suite> <!-- Default suite -->
</testng-results>
